- GET /index 69.091
- GET /favicon.ico 7.726
- GET /get-list-user 3499.818
- GET /about 2.126
- GET /index 3.566
- GET /get-list-user 4.061
- GET /get-list-user 2.987
- GET /get-list-user 4.350
- GET /get-list-user 5.696
- GET /about 2.925
- GET /index 1.866
- GET /get-list-user 3.490
- GET /index 21.065
- GET /get-list-user 30.570
- GET /get-list-user 5.615
- GET /index 4.305
- GET /index 1.879
- GET /index 1.934
- GET /index 2.076
- GET /index 7.634
- GET /index 1.877
- GET /index 6.267
- GET /index 4.882
- GET /index 2.321
- GET /index 2.595
- GET /index 3.690
- GET /index 2.601
- GET /index 1.765
- GET /get-list-user 2.893
- GET /get-list-user 8.639
- GET /index 2.618
- GET /index 8.705
- GET /index 6.952
- GET /index 1.761
- GET /index 2.948
- GET /index 1.848
- GET /index 1.831
- GET /index 1.825
- GET /index 2.478
- GET /index 2.893
- GET /index 3.457
- GET /index 5.309
- GET /index 1.854
- GET /index 7.699
- GET /index 1.789
- GET /index 1.694
- GET /get-list-user 4.047
- GET / 312.209
- GET / 316.922
- GET / 282.388
- GET /get-list-user 21.720
- GET /get-list-user 18.981
- GET /get-list-user 7.227
- GET /user 2.149
- GET /get-list-user 1.372
- GET /user/get-list-user 1.506
- GET /get-list-user 0.685
- GET /user/get-list-user 1.616
- GET /user/get-list-user 55.060
- GET /get-list-user 2.975
- GET /get-list-user 3.495
- GET /user/get-list-user 45.534
- GET /user/get-list-user 16.258
- GET /user/get-list-user 11.657
- GET /user/get-list-user 3.214
- GET /user/get-list-user 8.655
- GET /user/get-list-user 5.519
- GET /about 2.387
- GET /index 2.073
- GET /user/get-list-user 3.632
- GET /user/get-list-user 56.563
- GET /form 3.006
- GET /form 4.094
- GET /index 25.285
- GET /form -
- GET /form -
- GET /about 4.587
- GET /index 13.372
- GET /form -
- GET /form -
- GET /about 3.280
- GET /form -
- GET /user/get-list-user 31.050
- GET /form -
- GET /about 3.200
- GET /index 2.040
- GET /form -
- GET /form -
- GET /index 7.966
- GET /form 13.736
- POST /student/add 4.704
- POST /student/add 4.516
- GET /form 39.002
- POST /user/add 4.127
- GET /user/get-list-user 49.908
- GET /form 6.595
- POST /user/add 1.052
- GET /form 19.567
- POST /user/add 3.517
- POST /user/add 12.252
- GET / 308.926
- GET /index 19.896
- GET /index 9.171
- GET /index 7.984
- GET /form 4.984
- GET /form 19.927
- POST /user/add 316.572
- GET /index 13.475
- GET /form 5.525
- POST /user/add 279.981
- GET /index 2.527
- GET /index 46.401
- GET /favicon.ico 5.690
- GET /index 2.255
- GET /index 1.747
- GET /about 8.030
- GET /form 9.784
- GET /about 3.467
- GET /form 1.928
- GET /about 2.536
